<?xml version="1.0" encoding="UTF-8"?>
<!-- Generated by org.testng.reporters.JUnitXMLReporter -->
<testsuite ignored="0" hostname="MacBook-Pro" failures="0" tests="4" name="Default test" time="87.424" errors="0" timestamp="2023-09-10T09:00:49 IST">
  <testcase classname="com.orangeHRM.qa.testcases.LoginTest" name="verifyLoginwithValidCredentialsWithExcel" time="4.857"/>
  <testcase classname="com.orangeHRM.qa.testcases.LoginTest" name="verifyLoginwithValidCredentialsWithExcel" time="2.544"/>
  <testcase classname="com.orangeHRM.qa.testcases.LoginTest" name="verifyLoginwithValidCredentialsWithExcel" time="0.834"/>
  <testcase classname="com.orangeHRM.qa.testcases.LoginTest" name="verifyLoginwithValidCredentialsWithExcel" time="1.841"/>
</testsuite> <!-- Default test -->
